{
  "RSpec": {
    "coverage": {
      "/home/ttm/koodit/tasklist/config/environment.rb": [
        null,
        1,
        null,
        null,
        1
      ],
      "/home/ttm/koodit/tasklist/config/application.rb": [
        1,
        null,
        1,
        null,
        null,
        null,
        1,
        null,
        1,
        1,
        null,
        null,
        null,
        null,
        null,
        null,
        null,
        null,
        null,
        null,
        null,
        null,
        null
      ],
      "/home/ttm/koodit/tasklist/config/boot.rb": [
        null,
        1,
        null,
        1
      ],
      "/home/ttm/koodit/tasklist/config/environments/test.rb": [
        1,
        null,
        null,
        null,
        null,
        null,
        null,
        1,
        null,
        null,
        null,
        null,
        1,
        null,
        null,
        1,
        1,
        null,
        null,
        1,
        1,
        null,
        null,
        1,
        null,
        null,
        1,
        null,
        null,
        null,
        null,
        1,
        null,
        null,
        1,
        null
      ],
      "/home/ttm/koodit/tasklist/config/initializers/backtrace_silencers.rb": [
        null,
        null,
        null,
        null,
        null,
        null,
        null
      ],
      "/home/ttm/koodit/tasklist/config/initializers/filter_parameter_logging.rb": [
        null,
        null,
        null,
        1
      ],
      "/home/ttm/koodit/tasklist/config/initializers/inflections.rb": [
        null,
        null,
        null,
        null,
        null,
        null,
        null,
        null,
        null,
        null,
        null,
        null,
        null,
        null,
        null,
        null
      ],
      "/home/ttm/koodit/tasklist/config/initializers/mime_types.rb": [
        null,
        null,
        null,
        null,
        null
      ],
      "/home/ttm/koodit/tasklist/config/initializers/secret_token.rb": [
        null,
        null,
        null,
        null,
        null,
        null,
        null,
        null,
        null,
        null,
        null,
        1
      ],
      "/home/ttm/koodit/tasklist/config/initializers/session_store.rb": [
        null,
        null,
        1
      ],
      "/home/ttm/koodit/tasklist/config/initializers/wrap_parameters.rb": [
        null,
        null,
        null,
        null,
        null,
        null,
        1,
        1,
        null,
        null,
        null,
        null,
        null,
        null
      ],
      "/home/ttm/koodit/tasklist/config/routes.rb": [
        1,
        1,
        1,
        null,
        1,
        null,
        1,
        null,
        1,
        null,
        1,
        null,
        1,
        1,
        null,
        null,
        null,
        null,
        null,
        null,
        null,
        null,
        null,
        null,
        null,
        null,
        null,
        null,
        null,
        null,
        null,
        null,
        null,
        null,
        null,
        null,
        null,
        null,
        null,
        null,
        null,
        null,
        null,
        null,
        null,
        null,
        null,
        null,
        null,
        null,
        null,
        null,
        null,
        null,
        null,
        null,
        null,
        null,
        null,
        null,
        null,
        null,
        null,
        null,
        null,
        null,
        null,
        null,
        null,
        null
      ],
      "/home/ttm/koodit/tasklist/app/helpers/application_helper.rb": [
        1,
        null
      ],
      "/home/ttm/koodit/tasklist/app/helpers/tasks_helper.rb": [
        1,
        null
      ],
      "/home/ttm/koodit/tasklist/app/helpers/users_helper.rb": [
        1,
        null
      ],
      "/home/ttm/koodit/tasklist/spec/models/subtask_spec.rb": [
        1,
        null,
        1,
        1,
        1,
        1,
        null,
        1,
        1,
        1,
        1,
        null,
        null
      ],
      "/home/ttm/koodit/tasklist/app/models/subtask.rb": [
        1,
        1,
        null
      ],
      "/home/ttm/koodit/tasklist/app/models/task.rb": [
        1,
        1,
        null,
        1,
        null
      ],
      "/home/ttm/koodit/tasklist/spec/models/task_spec.rb": [
        1,
        null,
        1,
        1,
        1,
        null,
        1,
        1,
        null,
        null,
        1,
        1,
        null,
        1,
        1,
        null,
        null
      ],
      "/home/ttm/koodit/tasklist/spec/models/user_spec.rb": [
        1,
        null,
        1,
        1,
        1,
        null,
        1,
        1,
        null,
        null,
        1,
        1,
        null,
        1,
        1,
        null,
        null
      ],
      "/home/ttm/koodit/tasklist/app/models/user.rb": [
        1,
        1,
        1,
        null,
        1,
        null
      ],
      "/home/ttm/koodit/tasklist/app/models/main_task.rb": [
        1,
        1,
        null
      ],
      "/home/ttm/koodit/tasklist/app/controllers/tasks_controller.rb": [
        1,
        1,
        null,
        null,
        null,
        1,
        2,
        null,
        null,
        null,
        null,
        1,
        null,
        null,
        null,
        1,
        0,
        null,
        null,
        null,
        1,
        null,
        null,
        null,
        null,
        1,
        0,
        null,
        0,
        0,
        0,
        0,
        null,
        0,
        0,
        null,
        null,
        null,
        null,
        null,
        null,
        1,
        0,
        0,
        0,
        0,
        null,
        0,
        0,
        null,
        null,
        null,
        null,
        null,
        null,
        1,
        0,
        0,
        0,
        0,
        null,
        null,
        null,
        1,
        null,
        1,
        2,
        null,
        null,
        null,
        1,
        0,
        null,
        null
      ],
      "/home/ttm/koodit/tasklist/app/controllers/application_controller.rb": [
        1,
        null,
        null,
        1,
        null,
        1,
        null,
        1,
        4,
        0,
        null,
        null
      ]
    },
    "timestamp": 1396276478
  }
}
